#
# There is insufficient memory for the Java Runtime Environment to continue.
# Native memory allocation (malloc) failed to allocate 822736 bytes for Chunk::new
# Possible reasons:
#   The system is out of physical RAM or swap space
#   In 32 bit mode, the process size limit was hit
# Possible solutions:
#   Reduce memory load on the system
#   Increase physical memory or swap space
#   Check if swap backing store is full
#   Use 64 bit Java on a 64 bit OS
#   Decrease Java heap size (-Xmx/-Xms)
#   Decrease number of Java threads
#   Decrease Java thread stack sizes (-Xss)
#   Set larger code cache with -XX:ReservedCodeCacheSize=
# This output file may be truncated or incomplete.
#
#  Out of Memory Error (allocation.cpp:323), pid=8896, tid=12136
#
# JRE version: Java(TM) SE Runtime Environment (7.0_80-b15) (build 1.7.0_80-b15)
# Java VM: Java HotSpot(TM) 64-Bit Server VM (24.80-b11 mixed mode windows-amd64 compressed oops)
# Failed to write core dump. Minidumps are not enabled by default on client versions of Windows
#

---------------  T H R E A D  ---------------

Current thread (0x000000000b79f800):  JavaThread "C2 CompilerThread1" daemon [_thread_in_native, id=12136, stack(0x000000000ce00000,0x000000000cf00000)]

Stack: [0x000000000ce00000,0x000000000cf00000]
[error occurred during error reporting (printing stack bounds), id 0xc0000005]


[error occurred during error reporting (printing native stack), id 0xc0000005]


Current CompileTask:
C2:  49824  723   !         com.google.inject.internal.cglib.core.$CodeEmitter::process_switch (301 bytes)


---------------  P R O C E S S  ---------------

Java Threads: ( => current thread )
  0x000000000d958800 JavaThread "AtmostOneTaskExecutor[hudson.model.Queue$1@1ca806a9] [#1]" daemon [_thread_blocked, id=6368, stack(0x0000000011be0000,0x0000000011ce0000)]
  0x000000000e643800 JavaThread "jenkins.util.Timer [#6]" daemon [_thread_blocked, id=12028, stack(0x0000000011ae0000,0x0000000011be0000)]
  0x000000000e63d800 JavaThread "jenkins.util.Timer [#5]" daemon [_thread_blocked, id=10168, stack(0x00000000119e0000,0x0000000011ae0000)]
  0x000000000e642000 JavaThread "jenkins.util.Timer [#4]" daemon [_thread_blocked, id=2772, stack(0x00000000116e0000,0x00000000117e0000)]
  0x000000000e63c800 JavaThread "jenkins.util.Timer [#3]" daemon [_thread_blocked, id=8740, stack(0x00000000115e0000,0x00000000116e0000)]
  0x000000000e640800 JavaThread "jenkins.util.Timer [#2]" daemon [_thread_blocked, id=9420, stack(0x00000000114e0000,0x00000000115e0000)]
  0x000000000e63f800 JavaThread "PluginImpl.init" daemon [_thread_in_Java, id=7836, stack(0x0000000010410000,0x0000000010510000)]
  0x000000000e641000 JavaThread "Loading global config" daemon [_thread_blocked, id=3136, stack(0x0000000010310000,0x0000000010410000)]
  0x000000000e63f000 JavaThread "pool-7-thread-6" daemon [_thread_blocked, id=7664, stack(0x0000000010210000,0x0000000010310000)]
  0x000000000e63e000 JavaThread "UpdateCenter.init" daemon [_thread_blocked, id=4000, stack(0x0000000010110000,0x0000000010210000)]
  0x000000000e642800 JavaThread "pool-7-thread-4" daemon [_thread_blocked, id=6112, stack(0x0000000010010000,0x0000000010110000)]
  0x000000000b7e6000 JavaThread "pool-7-thread-3" daemon [_thread_blocked, id=5104, stack(0x000000000ff10000,0x0000000010010000)]
  0x000000000de74000 JavaThread "pool-7-thread-2" daemon [_thread_blocked, id=9384, stack(0x000000000fe10000,0x000000000ff10000)]
  0x000000000e9bd800 JavaThread "NullIdDescriptorMonitor.verifyId" daemon [_thread_blocked, id=10736, stack(0x000000000fd10000,0x000000000fe10000)]
  0x000000000e635000 JavaThread "jenkins.util.Timer [#1]" daemon [_thread_blocked, id=2956, stack(0x000000000fc10000,0x000000000fd10000)]
  0x000000000e92f800 JavaThread "Jenkins cron thread" [_thread_blocked, id=7556, stack(0x000000000fb10000,0x000000000fc10000)]
  0x000000000ea70800 JavaThread "Jetty Thread Pool-acceptor-0@2c8b586a-ServerConnector@5768f863{HTTP/1.1}{localhost:61768}" [_thread_in_native, id=4900, stack(0x000000000f610000,0x000000000f710000)]
  0x000000000e623000 JavaThread "Jetty Thread Pool-selector-ServerConnectorManager@cecb953/1" [_thread_in_native, id=8208, stack(0x000000000f510000,0x000000000f610000)]
  0x000000000e85e800 JavaThread "Jetty Thread Pool-selector-ServerConnectorManager@cecb953/0" [_thread_in_native, id=9792, stack(0x000000000f410000,0x000000000f510000)]
  0x000000000e889000 JavaThread "org.eclipse.jetty.server.session.HashSessionManager@667be3f8Timer" daemon [_thread_blocked, id=2196, stack(0x000000000f310000,0x000000000f410000)]
  0x000000000d1e8800 JavaThread "surefire-forkedjvm-command-thread" daemon [_thread_in_native, id=10916, stack(0x000000000d600000,0x000000000d700000)]
  0x000000000d147000 JavaThread "last-ditch-daemon-shutdown-thread-30sec" daemon [_thread_blocked, id=9520, stack(0x000000000d500000,0x000000000d600000)]
  0x000000000b7aa000 JavaThread "Service Thread" daemon [_thread_blocked, id=4140, stack(0x000000000cf00000,0x000000000d000000)]
=>0x000000000b79f800 JavaThread "C2 CompilerThread1" daemon [_thread_in_native, id=12136, stack(0x000000000ce00000,0x000000000cf00000)]
  0x000000000b79d800 JavaThread "C2 CompilerThread0" daemon [_thread_in_native, id=10740, stack(0x000000000cd00000,0x000000000ce00000)]
  0x000000000b79c800 JavaThread "Attach Listener" daemon [_thread_blocked, id=152, stack(0x000000000cc00000,0x000000000cd00000)]
  0x000000000b799800 JavaThread "Signal Dispatcher" daemon [_thread_blocked, id=11076, stack(0x000000000cb00000,0x000000000cc00000)]
  0x000000000b759800 JavaThread "Finalizer" daemon [_thread_blocked, id=9028, stack(0x000000000ca00000,0x000000000cb00000)]
  0x000000000b756000 JavaThread "Reference Handler" daemon [_thread_blocked, id=12224, stack(0x000000000c900000,0x000000000ca00000)]
  0x00000000031fd800 JavaThread "main" [_thread_blocked, id=12004, stack(0x0000000003200000,0x0000000003300000)]

Other Threads:
  0x000000000b752000 VMThread [stack: 0x000000000c800000,0x000000000c900000] [id=5212]
  0x000000000b7b4000 WatcherThread [stack: 0x000000000d000000,0x000000000d100000] [id=12096]

VM state:not at safepoint (normal execution)

VM Mutex/Monitor currently owned by a thread: None

Heap
 PSYoungGen      total 405504K, used 287225K [0x00000007d5c00000, 0x00000007fb600000, 0x0000000800000000)
  eden space 312832K, 67% used [0x00000007d5c00000,0x00000007e29dee90,0x00000007e8d80000)
  from space 92672K, 82% used [0x00000007e8d80000,0x00000007ed81f5c0,0x00000007ee800000)
  to   space 102400K, 0% used [0x00000007f5200000,0x00000007f5200000,0x00000007fb600000)
 ParOldGen       total 140800K, used 85550K [0x0000000781400000, 0x0000000789d80000, 0x00000007d5c00000)
  object space 140800K, 60% used [0x0000000781400000,0x000000078678ba08,0x0000000789d80000)
 PSPermGen       total 39936K, used 28525K [0x000000077c200000, 0x000000077e900000, 0x0000000781400000)
  object space 39936K, 71% used [0x000000077c200000,0x000000077dddb4a0,0x000000077e900000)

Card table byte_map: [0x0000000006530000,0x0000000006950000] byte_map_base: 0x000000000294f000

Polling page: 0x0000000001400000

Code Cache  [0x0000000003470000, 0x00000000036e0000, 0x0000000006470000)
 total_blobs=1046 nmethods=696 adapters=302 free_code_cache=47187Kb largest_free_block=48275840

Compilation events (10 events):
Event: 49.480 Thread 0x000000000b79d800  726             com.google.inject.internal.asm.$Label::a (93 bytes)
Event: 49.485 Thread 0x000000000b79d800 nmethod 726 0x0000000003587410 code [0x0000000003587560, 0x0000000003587918]
Event: 49.510 Thread 0x000000000b79d800  727             java.lang.Integer::hashCode (5 bytes)
Event: 49.511 Thread 0x000000000b79d800 nmethod 727 0x0000000003642c10 code [0x0000000003642d40, 0x0000000003642d98]
Event: 49.534 Thread 0x000000000b79d800  728             java.lang.Integer::<init> (10 bytes)
Event: 49.534 Thread 0x000000000b79d800 nmethod 728 0x0000000003642a10 code [0x0000000003642b40, 0x0000000003642b98]
Event: 49.538 Thread 0x000000000b79d800  729             java.util.Arrays::fill (21 bytes)
Event: 49.542 Thread 0x000000000b79d800 nmethod 729 0x0000000003642650 code [0x00000000036427a0, 0x0000000003642938]
Event: 49.542 Thread 0x000000000b79d800  730             java.lang.Integer::intValue (5 bytes)
Event: 49.542 Thread 0x000000000b79d800 nmethod 730 0x0000000003642450 code [0x0000000003642580, 0x00000000036425d8]

GC Heap History (10 events):
Event: 33.844 GC heap before
{Heap before GC invocations=18 (full 0):
 PSYoungGen      total 218112K, used 218112K [0x00000007d5c00000, 0x00000007eb680000, 0x0000000800000000)
  eden space 177152K, 100% used [0x00000007d5c00000,0x00000007e0900000,0x00000007e0900000)
  from space 40960K, 100% used [0x00000007e0900000,0x00000007e3100000,0x00000007e3100000)
  to   space 53248K, 0% used [0x00000007e8280000,0x00000007e8280000,0x00000007eb680000)
 ParOldGen       total 86528K, used 51920K [0x0000000781400000, 0x0000000786880000, 0x00000007d5c00000)
  object space 86528K, 60% used [0x0000000781400000,0x00000007846b4010,0x0000000786880000)
 PSPermGen       total 21504K, used 19948K [0x000000077c200000, 0x000000077d700000, 0x0000000781400000)
  object space 21504K, 92% used [0x000000077c200000,0x000000077d57b340,0x000000077d700000)
Event: 33.987 GC heap after
Heap after GC invocations=18 (full 0):
 PSYoungGen      total 290304K, used 53248K [0x00000007d5c00000, 0x00000007ecc80000, 0x0000000800000000)
  eden space 237056K, 0% used [0x00000007d5c00000,0x00000007d5c00000,0x00000007e4380000)
  from space 53248K, 100% used [0x00000007e8280000,0x00000007eb680000,0x00000007eb680000)
  to   space 64512K, 0% used [0x00000007e4380000,0x00000007e4380000,0x00000007e8280000)
 ParOldGen       total 86528K, used 57940K [0x0000000781400000, 0x0000000786880000, 0x00000007d5c00000)
  object space 86528K, 66% used [0x0000000781400000,0x0000000784c95160,0x0000000786880000)
 PSPermGen       total 21504K, used 19948K [0x000000077c200000, 0x000000077d700000, 0x0000000781400000)
  object space 21504K, 92% used [0x000000077c200000,0x000000077d57b340,0x000000077d700000)
}
Event: 37.040 GC heap before
{Heap before GC invocations=19 (full 0):
 PSYoungGen      total 290304K, used 290304K [0x00000007d5c00000, 0x00000007ecc80000, 0x0000000800000000)
  eden space 237056K, 100% used [0x00000007d5c00000,0x00000007e4380000,0x00000007e4380000)
  from space 53248K, 100% used [0x00000007e8280000,0x00000007eb680000,0x00000007eb680000)
  to   space 64512K, 0% used [0x00000007e4380000,0x00000007e4380000,0x00000007e8280000)
 ParOldGen       total 86528K, used 57940K [0x0000000781400000, 0x0000000786880000, 0x00000007d5c00000)
  object space 86528K, 66% used [0x0000000781400000,0x0000000784c95160,0x0000000786880000)
 PSPermGen       total 21504K, used 19952K [0x000000077c200000, 0x000000077d700000, 0x0000000781400000)
  object space 21504K, 92% used [0x000000077c200000,0x000000077d57c258,0x000000077d700000)
Event: 37.232 GC heap after
Heap after GC invocations=19 (full 0):
 PSYoungGen      total 301568K, used 64512K [0x00000007d5c00000, 0x00000007f3e80000, 0x0000000800000000)
  eden space 237056K, 0% used [0x00000007d5c00000,0x00000007d5c00000,0x00000007e4380000)
  from space 64512K, 100% used [0x00000007e4380000,0x00000007e8280000,0x00000007e8280000)
  to   space 80896K, 0% used [0x00000007eef80000,0x00000007eef80000,0x00000007f3e80000)
 ParOldGen       total 86528K, used 73349K [0x0000000781400000, 0x0000000786880000, 0x00000007d5c00000)
  object space 86528K, 84% used [0x0000000781400000,0x0000000785ba1520,0x0000000786880000)
 PSPermGen       total 21504K, used 19952K [0x000000077c200000, 0x000000077d700000, 0x0000000781400000)
  object space 21504K, 92% used [0x000000077c200000,0x000000077d57c258,0x000000077d700000)
}
Event: 37.232 GC heap before
{Heap before GC invocations=20 (full 1):
 PSYoungGen      total 301568K, used 64512K [0x00000007d5c00000, 0x00000007f3e80000, 0x0000000800000000)
  eden space 237056K, 0% used [0x00000007d5c00000,0x00000007d5c00000,0x00000007e4380000)
  from space 64512K, 100% used [0x00000007e4380000,0x00000007e8280000,0x00000007e8280000)
  to   space 80896K, 0% used [0x00000007eef80000,0x00000007eef80000,0x00000007f3e80000)
 ParOldGen       total 86528K, used 73349K [0x0000000781400000, 0x0000000786880000, 0x00000007d5c00000)
  object space 86528K, 84% used [0x0000000781400000,0x0000000785ba1520,0x0000000786880000)
 PSPermGen       total 21504K, used 19952K [0x000000077c200000, 0x000000077d700000, 0x0000000781400000)
  object space 21504K, 92% used [0x000000077c200000,0x000000077d57c258,0x000000077d700000)
Event: 37.720 GC heap after
Heap after GC invocations=20 (full 1):
 PSYoungGen      total 301568K, used 0K [0x00000007d5c00000, 0x00000007f3e80000, 0x0000000800000000)
  eden space 237056K, 0% used [0x00000007d5c00000,0x00000007d5c00000,0x00000007e4380000)
  from space 64512K, 0% used [0x00000007e4380000,0x00000007e4380000,0x00000007e8280000)
  to   space 80896K, 0% used [0x00000007eef80000,0x00000007eef80000,0x00000007f3e80000)
 ParOldGen       total 140800K, used 84734K [0x0000000781400000, 0x0000000789d80000, 0x00000007d5c00000)
  object space 140800K, 60% used [0x0000000781400000,0x00000007866bfa08,0x0000000789d80000)
 PSPermGen       total 39936K, used 19945K [0x000000077c200000, 0x000000077e900000, 0x0000000781400000)
  object space 39936K, 49% used [0x000000077c200000,0x000000077d57a6c0,0x000000077e900000)
}
Event: 41.521 GC heap before
{Heap before GC invocations=21 (full 1):
 PSYoungGen      total 301568K, used 237056K [0x00000007d5c00000, 0x00000007f3e80000, 0x0000000800000000)
  eden space 237056K, 100% used [0x00000007d5c00000,0x00000007e4380000,0x00000007e4380000)
  from space 64512K, 0% used [0x00000007e4380000,0x00000007e4380000,0x00000007e8280000)
  to   space 80896K, 0% used [0x00000007eef80000,0x00000007eef80000,0x00000007f3e80000)
 ParOldGen       total 140800K, used 84734K [0x0000000781400000, 0x0000000789d80000, 0x00000007d5c00000)
  object space 140800K, 60% used [0x0000000781400000,0x00000007866bfa08,0x0000000789d80000)
 PSPermGen       total 39936K, used 19956K [0x000000077c200000, 0x000000077e900000, 0x0000000781400000)
  object space 39936K, 49% used [0x000000077c200000,0x000000077d57d320,0x000000077e900000)
Event: 41.710 GC heap after
Heap after GC invocations=21 (full 1):
 PSYoungGen      total 393728K, used 75572K [0x00000007d5c00000, 0x00000007f4280000, 0x0000000800000000)
  eden space 312832K, 0% used [0x00000007d5c00000,0x00000007d5c00000,0x00000007e8d80000)
  from space 80896K, 93% used [0x00000007eef80000,0x00000007f394d070,0x00000007f3e80000)
  to   space 92672K, 0% used [0x00000007e8d80000,0x00000007e8d80000,0x00000007ee800000)
 ParOldGen       total 140800K, used 84734K [0x0000000781400000, 0x0000000789d80000, 0x00000007d5c00000)
  object space 140800K, 60% used [0x0000000781400000,0x00000007866bfa08,0x0000000789d80000)
 PSPermGen       total 39936K, used 19956K [0x000000077c200000, 0x000000077e900000, 0x0000000781400000)
  object space 39936K, 49% used [0x000000077c200000,0x000000077d57d320,0x000000077e900000)
}
Event: 46.334 GC heap before
{Heap before GC invocations=22 (full 1):
 PSYoungGen      total 393728K, used 388404K [0x00000007d5c00000, 0x00000007f4280000, 0x0000000800000000)
  eden space 312832K, 100% used [0x00000007d5c00000,0x00000007e8d80000,0x00000007e8d80000)
  from space 80896K, 93% used [0x00000007eef80000,0x00000007f394d070,0x00000007f3e80000)
  to   space 92672K, 0% used [0x00000007e8d80000,0x00000007e8d80000,0x00000007ee800000)
 ParOldGen       total 140800K, used 84734K [0x0000000781400000, 0x0000000789d80000, 0x00000007d5c00000)
  object space 140800K, 60% used [0x0000000781400000,0x00000007866bfa08,0x0000000789d80000)
 PSPermGen       total 39936K, used 23230K [0x000000077c200000, 0x000000077e900000, 0x0000000781400000)
  object space 39936K, 58% used [0x000000077c200000,0x000000077d8af930,0x000000077e900000)
Event: 46.531 GC heap after
Heap after GC invocations=22 (full 1):
 PSYoungGen      total 405504K, used 76413K [0x00000007d5c00000, 0x00000007fb600000, 0x0000000800000000)
  eden space 312832K, 0% used [0x00000007d5c00000,0x00000007d5c00000,0x00000007e8d80000)
  from space 92672K, 82% used [0x00000007e8d80000,0x00000007ed81f5c0,0x00000007ee800000)
  to   space 102400K, 0% used [0x00000007f5200000,0x00000007f5200000,0x00000007fb600000)
 ParOldGen       total 140800K, used 85550K [0x0000000781400000, 0x0000000789d80000, 0x00000007d5c00000)
  object space 140800K, 60% used [0x0000000781400000,0x000000078678ba08,0x0000000789d80000)
 PSPermGen       total 39936K, used 23230K [0x000000077c200000, 0x000000077e900000, 0x0000000781400000)
  object space 39936K, 58% used [0x000000077c200000,0x000000077d8af930,0x000000077e900000)
}

Deoptimization events (10 events):
Event: 48.673 Thread 0x000000000e63f800 Uncommon trap: reason=class_check action=maybe_recompile pc=0x000000000353b690 method=java.util.HashMap.resize(I)V @ 35
Event: 48.680 Thread 0x000000000e63f800 Uncommon trap: reason=class_check action=maybe_recompile pc=0x000000000353b690 method=java.util.HashMap.resize(I)V @ 35
Event: 49.008 Thread 0x000000000e63f800 Uncommon trap: reason=unstable_if action=reinterpret pc=0x0000000003534a68 method=java.util.ArrayList.toArray([Ljava/lang/Object;)[Ljava/lang/Object; @ 6
Event: 49.225 Thread 0x000000000e63f800 Uncommon trap: reason=class_check action=maybe_recompile pc=0x000000000350e0d4 method=java.lang.String.equals(Ljava/lang/Object;)Z @ 8
Event: 49.225 Thread 0x000000000e63f800 Uncommon trap: reason=class_check action=maybe_recompile pc=0x000000000350e0d4 method=java.lang.String.equals(Ljava/lang/Object;)Z @ 8
Event: 49.226 Thread 0x000000000e63f800 Uncommon trap: reason=class_check action=maybe_recompile pc=0x000000000350e0d4 method=java.lang.String.equals(Ljava/lang/Object;)Z @ 8
Event: 49.542 Thread 0x000000000e63f800 Uncommon trap: reason=array_check action=maybe_recompile pc=0x00000000036428f4 method=java.util.Arrays.fill([Ljava/lang/Object;Ljava/lang/Object;)V @ 13
Event: 49.542 Thread 0x000000000e63f800 Uncommon trap: reason=array_check action=maybe_recompile pc=0x00000000036428f4 method=java.util.Arrays.fill([Ljava/lang/Object;Ljava/lang/Object;)V @ 13
Event: 49.542 Thread 0x000000000e63f800 Uncommon trap: reason=array_check action=maybe_recompile pc=0x00000000036428f4 method=java.util.Arrays.fill([Ljava/lang/Object;Ljava/lang/Object;)V @ 13
Event: 49.542 Thread 0x000000000e63f800 Uncommon trap: reason=array_check action=maybe_recompile pc=0x00000000036428f4 method=java.util.Arrays.fill([Ljava/lang/Object;Ljava/lang/Object;)V @ 13

Internal exceptions (10 events):
Event: 49.040 Thread 0x000000000e63f800 Threw 0x00000007e0e8c7b8 at C:\re\jdk7u80\2329\hotspot\src\share\vm\prims\jvm.cpp:1319
Event: 49.041 Thread 0x000000000e63f800 Threw 0x00000007e0ea0408 at C:\re\jdk7u80\2329\hotspot\src\share\vm\prims\jvm.cpp:1319
Event: 49.067 Thread 0x000000000e63f800 Threw 0x00000007e0f1e2d8 at C:\re\jdk7u80\2329\hotspot\src\share\vm\prims\jvm.cpp:1319
Event: 49.077 Thread 0x000000000e63f800 Threw 0x00000007e0f96720 at C:\re\jdk7u80\2329\hotspot\src\share\vm\prims\jvm.cpp:1319
Event: 49.079 Thread 0x000000000e63f800 Threw 0x00000007e0fbee08 at C:\re\jdk7u80\2329\hotspot\src\share\vm\prims\jvm.cpp:1319
Event: 49.079 Thread 0x000000000e63f800 Threw 0x00000007e0fd2f98 at C:\re\jdk7u80\2329\hotspot\src\share\vm\prims\jvm.cpp:1319
Event: 49.223 Thread 0x000000000e63f800 Threw 0x00000007e140b758 at C:\re\jdk7u80\2329\hotspot\src\share\vm\prims\jvm.cpp:1319
Event: 49.393 Thread 0x000000000e63f800 Threw 0x00000007e1745f78 at C:\re\jdk7u80\2329\hotspot\src\share\vm\prims\jvm.cpp:1319
Event: 49.394 Thread 0x000000000e63f800 Threw 0x00000007e1756668 at C:\re\jdk7u80\2329\hotspot\src\share\vm\prims\jvm.cpp:1319
Event: 49.402 Thread 0x000000000e63f800 Threw 0x00000007e1788668 at C:\re\jdk7u80\2329\hotspot\src\share\vm\prims\jvm.cpp:1319

Events (10 events):
Event: 49.542 Thread 0x000000000e63f800 DEOPT UNPACKING pc=0x00000000034a75a4 sp=0x000000001050c718 mode 2
Event: 49.542 Thread 0x000000000e63f800 Uncommon trap: trap_request=0xffffffd6 fr.pc=0x00000000036428f4
Event: 49.542 Thread 0x000000000e63f800 DEOPT PACKING pc=0x00000000036428f4 sp=0x000000001050c770
Event: 49.542 Thread 0x000000000e63f800 DEOPT UNPACKING pc=0x00000000034a75a4 sp=0x000000001050c718 mode 2
Event: 49.542 Thread 0x000000000e63f800 Uncommon trap: trap_request=0xffffffd6 fr.pc=0x00000000036428f4
Event: 49.542 Thread 0x000000000e63f800 DEOPT PACKING pc=0x00000000036428f4 sp=0x000000001050c770
Event: 49.542 Thread 0x000000000e63f800 DEOPT UNPACKING pc=0x00000000034a75a4 sp=0x000000001050c718 mode 2
Event: 49.542 Thread 0x000000000e63f800 Uncommon trap: trap_request=0xffffffd6 fr.pc=0x00000000036428f4
Event: 49.542 Thread 0x000000000e63f800 DEOPT PACKING pc=0x00000000036428f4 sp=0x000000001050c770
Event: 49.542 Thread 0x000000000e63f800 DEOPT UNPACKING pc=0x00000000034a75a4 sp=0x000000001050c718 mode 2


Dynamic libraries:
0x00007ff6a7830000 - 0x00007ff6a7863000 	C:\Program Files\Java\jdk1.7.0_80\jre\bin\java.exe
0x00007ffedf1a0000 - 0x00007ffedf371000 	C:\WINDOWS\SYSTEM32\ntdll.dll
0x00007ffede800000 - 0x00007ffede8ab000 	C:\WINDOWS\System32\KERNEL32.DLL
0x00007ffedc160000 - 0x00007ffedc37d000 	C:\WINDOWS\System32\KERNELBASE.dll
0x00007ffed99f0000 - 0x00007ffed9a6a000 	C:\WINDOWS\system32\apphelp.dll
0x00007ffedeff0000 - 0x00007ffedf092000 	C:\WINDOWS\System32\ADVAPI32.dll
0x00007ffedcb40000 - 0x00007ffedcbde000 	C:\WINDOWS\System32\msvcrt.dll
0x00007ffedf0a0000 - 0x00007ffedf0f9000 	C:\WINDOWS\System32\sechost.dll
0x00007ffedecf0000 - 0x00007ffedee11000 	C:\WINDOWS\System32\RPCRT4.dll
0x00007ffedea10000 - 0x00007ffedeb75000 	C:\WINDOWS\System32\USER32.dll
0x00007ffedb700000 - 0x00007ffedb71e000 	C:\WINDOWS\System32\win32u.dll
0x00007ffedeb80000 - 0x00007ffedebb4000 	C:\WINDOWS\System32\GDI32.dll
0x00007ffedc380000 - 0x00007ffedc502000 	C:\WINDOWS\System32\gdi32full.dll
0x00007ffed4320000 - 0x00007ffed459a000 	C:\WINDOWS\WinSxS\amd64_microsoft.windows.common-controls_6595b64144ccf1df_6.0.14393.953_none_42151e83c686086b\COMCTL32.dll
0x00007ffedcbe0000 - 0x00007ffedcea8000 	C:\WINDOWS\System32\combase.dll
0x00007ffedbfb0000 - 0x00007ffedc0a5000 	C:\WINDOWS\System32\ucrtbase.dll
0x00007ffedb690000 - 0x00007ffedb6fa000 	C:\WINDOWS\System32\bcryptPrimitives.dll
0x00007ffedcb10000 - 0x00007ffedcb3e000 	C:\WINDOWS\System32\IMM32.DLL
0x0000000066420000 - 0x00000000664f2000 	C:\Program Files\Java\jdk1.7.0_80\jre\bin\msvcr100.dll
0x0000000065c40000 - 0x0000000066419000 	C:\Program Files\Java\jdk1.7.0_80\jre\bin\server\jvm.dll
0x00007ffedd2e0000 - 0x00007ffedd2e8000 	C:\WINDOWS\System32\PSAPI.DLL
0x00007ffed2a60000 - 0x00007ffed2a69000 	C:\WINDOWS\SYSTEM32\WSOCK32.dll
0x00007ffed98d0000 - 0x00007ffed98f3000 	C:\WINDOWS\SYSTEM32\WINMM.dll
0x00007ffedcaa0000 - 0x00007ffedcb0a000 	C:\WINDOWS\System32\WS2_32.dll
0x0000000001a00000 - 0x0000000001a2b000 	C:\WINDOWS\SYSTEM32\WINMMBASE.dll
0x00007ffedc510000 - 0x00007ffedc552000 	C:\WINDOWS\System32\cfgmgr32.dll
0x0000000065c30000 - 0x0000000065c3f000 	C:\Program Files\Java\jdk1.7.0_80\jre\bin\verify.dll
0x0000000065c00000 - 0x0000000065c28000 	C:\Program Files\Java\jdk1.7.0_80\jre\bin\java.dll
0x0000000065be0000 - 0x0000000065bf6000 	C:\Program Files\Java\jdk1.7.0_80\jre\bin\zip.dll
0x0000000065bc0000 - 0x0000000065bda000 	C:\Program Files\Java\jdk1.7.0_80\jre\bin\net.dll
0x00007ffedaed0000 - 0x00007ffedaf2c000 	C:\WINDOWS\system32\mswsock.dll
0x0000000065ba0000 - 0x0000000065bb1000 	C:\Program Files\Java\jdk1.7.0_80\jre\bin\nio.dll
0x0000000065b90000 - 0x0000000065b9b000 	C:\Program Files\Java\jdk1.7.0_80\jre\bin\management.dll
0x00007ffedb080000 - 0x00007ffedb097000 	C:\WINDOWS\SYSTEM32\CRYPTSP.dll
0x00007ffedaad0000 - 0x00007ffedab03000 	C:\WINDOWS\system32\rsaenh.dll
0x00007ffedb540000 - 0x00007ffedb56b000 	C:\WINDOWS\SYSTEM32\bcrypt.dll
0x00007ffedad50000 - 0x00007ffedad6f000 	C:\WINDOWS\SYSTEM32\USERENV.dll
0x00007ffedb600000 - 0x00007ffedb614000 	C:\WINDOWS\System32\profapi.dll
0x00007ffedb070000 - 0x00007ffedb07b000 	C:\WINDOWS\SYSTEM32\CRYPTBASE.dll
0x00007ffedac50000 - 0x00007ffedac88000 	C:\WINDOWS\SYSTEM32\IPHLPAPI.DLL
0x00007ffedc8f0000 - 0x00007ffedc8f8000 	C:\WINDOWS\System32\NSI.dll
0x00007ffed7550000 - 0x00007ffed7566000 	C:\WINDOWS\SYSTEM32\dhcpcsvc6.DLL
0x00007ffed7950000 - 0x00007ffed796a000 	C:\WINDOWS\SYSTEM32\dhcpcsvc.DLL
0x00007ffedac90000 - 0x00007ffedad31000 	C:\WINDOWS\SYSTEM32\DNSAPI.dll
0x00007ffecefb0000 - 0x00007ffecefba000 	C:\Windows\System32\rasadhlp.dll
0x00007ffed20e0000 - 0x00007ffed214a000 	C:\WINDOWS\System32\fwpuclnt.dll
0x00000000659f0000 - 0x0000000065b85000 	C:\Program Files\Java\jdk1.7.0_80\jre\bin\awt.dll
0x00007ffedec30000 - 0x00007ffedecef000 	C:\WINDOWS\System32\OLEAUT32.dll
0x00007ffedb720000 - 0x00007ffedb7bc000 	C:\WINDOWS\System32\msvcp_win.dll

VM Arguments:
jvm_args: -Djava.awt.headless=true 
java_command: E:\WorkspaceEclipseMars\defects_predictor\target\surefire\surefirebooter9068312713812655647.jar E:\WorkspaceEclipseMars\defects_predictor\target\surefire\surefire2603356284025427320tmp E:\WorkspaceEclipseMars\defects_predictor\target\surefire\surefire_05839487994650401990tmp
Launcher Type: SUN_STANDARD

Environment Variables:
JAVA_HOME=C:\Program Files\Java\jre7\jre1.8.0_51
CLASSPATH=.;C:\Program Files (x86)\Java\jre1.8.0_51\lib\ext\QTJava.zip
PATH=C:\Perl64\site\bin;C:\Perl64\bin;C:\ProgramData\Oracle\Java\javapath;C:\Program Files (x86)\Intel\iCLS Client\;C:\Program Files\Intel\iCLS Client\;C:\WINDOWS\system32;C:\WINDOWS;C:\WINDOWS\System32\Wbem;C:\WINDOWS\System32\WindowsPowerShell\v1.0\;C:\Program Files\Intel\Intel(R) Management Engine Components\DAL;C:\Program Files (x86)\Intel\Intel(R) Management Engine Components\DAL;C:\Program Files\Intel\Intel(R) Management Engine Components\IPT;C:\Program Files (x86)\Intel\Intel(R) Management Engine Components\IPT;C:\Program Files\Intel\WiFi\bin\;C:\Program Files\Common Files\Intel\WirelessCommon\;C:\Program Files (x86)\MiKTeX 2.9\miktex\bin\;C:\Program Files\MiKTeX 2.9\miktex\bin\x64\;C:\WINDOWS\system32;C:\WINDOWS;C:\WINDOWS\System32\Wbem;C:\WINDOWS\System32\WindowsPowerShell\v1.0\;C:\Program Files (x86)\Skype\Phone\;C:\Program Files (x86)\QuickTime\QTSystem\;C:\Program Files (x86)\Java\jdk1.7.0_71\bin;C:\Users\Athar\apache-maven-3.3\apache-maven-3.3.9-bin\apache-maven-3.3.9\bin;C:\Program Files\Git\cmd;C:\Program Files (x86)\scala\bin;C:\Program Files\Java\jre7\jre1.8.0_51\bin;C:\SourceMeter-8.1.0-x64-windows\Java;C:\spark\bin;C:\winutil\BIN;C:\Users\Athar\apache-maven-3.3\apache-maven-3.3.9-bin\apache-maven-3.3.9\BIN;C:\Users\Athar\apache-maven-3.3\apache-maven-3.3.9-bin\apache-maven-3.3.9\BIN;C:\Users\Athar\AppData\Local\Microsoft\WindowsApps;C:\Users\Athar\apache-maven-3.3\apache-maven-3.3.9-bin\apache-maven-3.3.9\bin;C:\Program Files\Java\jre7\jre1.8.0_51\bin;C:\Tomcat Server\bin
USERNAME=Athar
OS=Windows_NT
PROCESSOR_IDENTIFIER=Intel64 Family 6 Model 61 Stepping 4, GenuineIntel



---------------  S Y S T E M  ---------------

OS: Windows 8.1 , 64 bit Build 9600 

CPU:total 4 (2 cores per cpu, 2 threads per core) family 6 model 61 stepping 4, cmov, cx8, fxsr, mmx, sse, sse2, sse3, ssse3, sse4.1, sse4.2, popcnt, avx, avx2, aes, erms, ht, tsc, tscinvbit

Memory: 4k page, physical 8301904k(1121044k free), swap 10251600k(2700k free)

vm_info: Java HotSpot(TM) 64-Bit Server VM (24.80-b11) for windows-amd64 JRE (1.7.0_80-b15), built on Apr 10 2015 11:26:34 by "java_re" with unknown MS VC++:1600

time: Sat Mar 18 23:09:09 2017
elapsed time: 49 seconds

