#
# There is insufficient memory for the Java Runtime Environment to continue.
# Native memory allocation (malloc) failed to allocate 1871536 bytes for Chunk::new
# Possible reasons:
#   The system is out of physical RAM or swap space
#   In 32 bit mode, the process size limit was hit
# Possible solutions:
#   Reduce memory load on the system
#   Increase physical memory or swap space
#   Check if swap backing store is full
#   Use 64 bit Java on a 64 bit OS
#   Decrease Java heap size (-Xmx/-Xms)
#   Decrease number of Java threads
#   Decrease Java thread stack sizes (-Xss)
#   Set larger code cache with -XX:ReservedCodeCacheSize=
# This output file may be truncated or incomplete.
#
#  Out of Memory Error (allocation.cpp:390), pid=8292, tid=6596
#
# JRE version: Java(TM) SE Runtime Environment (8.0_60-b27) (build 1.8.0_60-b27)
# Java VM: Java HotSpot(TM) 64-Bit Server VM (25.60-b23 mixed mode windows-amd64 compressed oops)
# Failed to write core dump. Minidumps are not enabled by default on client versions of Windows
#

---------------  T H R E A D  ---------------

Current thread (0x000000001745b000):  JavaThread "C2 CompilerThread0" daemon [_thread_in_native, id=6596, stack(0x0000000018aa0000,0x0000000018ba0000)]

Stack: [0x0000000018aa0000,0x0000000018ba0000]
[error occurred during error reporting (printing stack bounds), id 0xc0000005]

Native frames: (J=compiled Java code, j=interpreted, Vv=VM code, C=native code)


Current CompileTask:
C2:  19969 2072   !   4       org.apache.tools.ant.taskdefs.Expand::extractFile (828 bytes)


---------------  P R O C E S S  ---------------

Java Threads: ( => current thread )
  0x000000001b6a7000 JavaThread "jenkins.util.Timer [#4]" daemon [_thread_blocked, id=12284, stack(0x0000000020770000,0x0000000020870000)]
  0x000000001b6a6000 JavaThread "jenkins.util.Timer [#3]" daemon [_thread_blocked, id=1392, stack(0x000000001f620000,0x000000001f720000)]
  0x000000001b6ab800 JavaThread "jenkins.util.Timer [#2]" daemon [_thread_blocked, id=2524, stack(0x000000001ed40000,0x000000001ee40000)]
  0x000000001b6a9000 JavaThread "pool-6-thread-8" daemon [_thread_blocked, id=4760, stack(0x000000001dc70000,0x000000001dd70000)]
  0x000000001b6aa000 JavaThread "pool-6-thread-7" daemon [_thread_blocked, id=9576, stack(0x000000001db70000,0x000000001dc70000)]
  0x000000001b6a8800 JavaThread "pool-6-thread-6" daemon [_thread_blocked, id=8328, stack(0x000000001da70000,0x000000001db70000)]
  0x000000001b6ac000 JavaThread "pool-6-thread-5" daemon [_thread_blocked, id=12300, stack(0x000000001d970000,0x000000001da70000)]
  0x000000001b6a5800 JavaThread "Inspecting plugin C:\Users\Athar\AppData\Local\Temp\hudson4142957386187987021tmp\script-security.jpi" daemon [_thread_in_native, id=6108, stack(0x000000001d870000,0x000000001d970000)]
  0x000000001b6a7800 JavaThread "pool-6-thread-3" daemon [_thread_blocked, id=7348, stack(0x000000001d770000,0x000000001d870000)]
  0x000000001b47a800 JavaThread "pool-6-thread-2" daemon [_thread_blocked, id=9440, stack(0x000000001d670000,0x000000001d770000)]
  0x000000001ac64000 JavaThread "pool-6-thread-1" daemon [_thread_blocked, id=7268, stack(0x000000001d570000,0x000000001d670000)]
  0x000000001b539800 JavaThread "jenkins.util.Timer [#1]" daemon [_thread_blocked, id=12460, stack(0x000000001d270000,0x000000001d370000)]
  0x000000001b3d8000 JavaThread "Jenkins cron thread" [_thread_blocked, id=11584, stack(0x000000001d170000,0x000000001d270000)]
  0x000000001b605000 JavaThread "Jetty Thread Pool-acceptor-0@65b0fe54-ServerConnector@53de625d{HTTP/1.1}{localhost:60245}" [_thread_in_native, id=9388, stack(0x000000001cc80000,0x000000001cd80000)]
  0x000000001b604800 JavaThread "Jetty Thread Pool-selector-ServerConnectorManager@46718697/1" [_thread_in_native, id=12684, stack(0x000000001cb80000,0x000000001cc80000)]
  0x000000001b347800 JavaThread "Jetty Thread Pool-selector-ServerConnectorManager@46718697/0" [_thread_in_native, id=9084, stack(0x000000001ca80000,0x000000001cb80000)]
  0x000000001b6b2800 JavaThread "org.eclipse.jetty.server.session.HashSessionManager@4716be8bTimer" daemon [_thread_blocked, id=13164, stack(0x000000001c780000,0x000000001c880000)]
  0x0000000019063000 JavaThread "surefire-forkedjvm-command-thread" daemon [_thread_in_native, id=10020, stack(0x00000000194a0000,0x00000000195a0000)]
  0x000000001905f000 JavaThread "last-ditch-daemon-shutdown-thread-30sec" daemon [_thread_blocked, id=10288, stack(0x00000000193a0000,0x00000000194a0000)]
  0x0000000018dc8800 JavaThread "Service Thread" daemon [_thread_blocked, id=6296, stack(0x00000000191a0000,0x00000000192a0000)]
  0x0000000017464800 JavaThread "C1 CompilerThread2" daemon [_thread_blocked, id=10280, stack(0x0000000018ca0000,0x0000000018da0000)]
  0x0000000017462000 JavaThread "C2 CompilerThread1" daemon [_thread_blocked, id=6184, stack(0x0000000018ba0000,0x0000000018ca0000)]
=>0x000000001745b000 JavaThread "C2 CompilerThread0" daemon [_thread_in_native, id=6596, stack(0x0000000018aa0000,0x0000000018ba0000)]
  0x0000000017459800 JavaThread "Attach Listener" daemon [_thread_blocked, id=12232, stack(0x00000000189a0000,0x0000000018aa0000)]
  0x0000000017458000 JavaThread "Signal Dispatcher" daemon [_thread_blocked, id=5752, stack(0x00000000188a0000,0x00000000189a0000)]
  0x00000000028e7000 JavaThread "Finalizer" daemon [_thread_blocked, id=10380, stack(0x00000000186b0000,0x00000000187b0000)]
  0x0000000017429000 JavaThread "Reference Handler" daemon [_thread_blocked, id=12580, stack(0x00000000185b0000,0x00000000186b0000)]
  0x00000000026ed800 JavaThread "main" [_thread_blocked, id=5788, stack(0x00000000026f0000,0x00000000027f0000)]

Other Threads:
  0x0000000017427800 VMThread [stack: 0x00000000184b0000,0x00000000185b0000] [id=9844]
  0x0000000018df4800 WatcherThread [stack: 0x00000000192a0000,0x00000000193a0000] [id=12120]

VM state:not at safepoint (normal execution)

VM Mutex/Monitor currently owned by a thread: None

Heap:
 PSYoungGen      total 363008K, used 264439K [0x00000000d5c00000, 0x00000000fa880000, 0x0000000100000000)
  eden space 299520K, 67% used [0x00000000d5c00000,0x00000000e203de98,0x00000000e8080000)
  from space 63488K, 100% used [0x00000000e8080000,0x00000000ebe80000,0x00000000ebe80000)
  to   space 84992K, 0% used [0x00000000f5580000,0x00000000f5580000,0x00000000fa880000)
 ParOldGen       total 125952K, used 92869K [0x0000000081400000, 0x0000000088f00000, 0x00000000d5c00000)
  object space 125952K, 73% used [0x0000000081400000,0x0000000086eb1688,0x0000000088f00000)
 Metaspace       used 20377K, capacity 20588K, committed 20992K, reserved 1067008K
  class space    used 2404K, capacity 2466K, committed 2560K, reserved 1048576K

Card table byte_map: [0x0000000011cb0000,0x00000000120b0000] byte_map_base: 0x00000000118a6000

Marking Bits: (ParMarkBitMap*) 0x0000000073bea5b0
 Begin Bits: [0x0000000012760000, 0x0000000014710000)
 End Bits:   [0x0000000014710000, 0x00000000166c0000)

Polling page: 0x00000000025c0000

CodeCache: size=245760Kb used=6848Kb max_used=6991Kb free=238911Kb
 bounds [0x00000000028f0000, 0x0000000003010000, 0x00000000118f0000]
 total_blobs=2350 nmethods=1928 adapters=335
 compilation: enabled

Compilation events (10 events):
Event: 19.908 Thread 0x0000000017462000 2079       4       java.util.HashSet::<init> (16 bytes)
Event: 19.909 Thread 0x0000000017462000 nmethod 2079 0x0000000002c93010 code [0x0000000002c93160, 0x0000000002c93258]
Event: 19.910 Thread 0x0000000017464800 2080       3       java.util.concurrent.locks.ReentrantLock::unlock (10 bytes)
Event: 19.910 Thread 0x0000000017464800 nmethod 2080 0x0000000002b09650 code [0x0000000002b097e0, 0x0000000002b09bd8]
Event: 19.910 Thread 0x0000000017464800 2081       3       java.lang.AbstractStringBuilder::append (144 bytes)
Event: 19.911 Thread 0x0000000017464800 nmethod 2081 0x0000000002b38090 code [0x0000000002b38340, 0x0000000002b395d8]
Event: 19.915 Thread 0x0000000017462000 2082       4       org.apache.tools.ant.Task::log (27 bytes)
Event: 19.918 Thread 0x0000000017462000 nmethod 2082 0x0000000002c39a10 code [0x0000000002c39b80, 0x0000000002c39d38]
Event: 19.918 Thread 0x0000000017462000 2083       4       org.apache.tools.ant.BuildEvent::<init> (32 bytes)
Event: 19.919 Thread 0x0000000017462000 nmethod 2083 0x0000000002b092d0 code [0x0000000002b09420, 0x0000000002b09528]

GC Heap History (10 events):
Event: 8.105 GC heap before
{Heap before GC invocations=10 (full 0):
 PSYoungGen      total 145920K, used 145920K [0x00000000d5c00000, 0x00000000e5f00000, 0x0000000100000000)
  eden space 125952K, 100% used [0x00000000d5c00000,0x00000000dd700000,0x00000000dd700000)
  from space 19968K, 100% used [0x00000000dd700000,0x00000000dea80000,0x00000000dea80000)
  to   space 31744K, 0% used [0x00000000e4000000,0x00000000e4000000,0x00000000e5f00000)
 ParOldGen       total 87552K, used 41406K [0x0000000081400000, 0x0000000086980000, 0x00000000d5c00000)
  object space 87552K, 47% used [0x0000000081400000,0x0000000083c6f890,0x0000000086980000)
 Metaspace       used 20357K, capacity 20518K, committed 20736K, reserved 1067008K
  class space    used 2403K, capacity 2465K, committed 2560K, reserved 1048576K
Event: 8.195 GC heap after
Heap after GC invocations=10 (full 0):
 PSYoungGen      total 225280K, used 31744K [0x00000000d5c00000, 0x00000000e6f00000, 0x0000000100000000)
  eden space 193536K, 0% used [0x00000000d5c00000,0x00000000d5c00000,0x00000000e1900000)
  from space 31744K, 100% used [0x00000000e4000000,0x00000000e5f00000,0x00000000e5f00000)
  to   space 39936K, 0% used [0x00000000e1900000,0x00000000e1900000,0x00000000e4000000)
 ParOldGen       total 87552K, used 49430K [0x0000000081400000, 0x0000000086980000, 0x00000000d5c00000)
  object space 87552K, 56% used [0x0000000081400000,0x0000000084445b18,0x0000000086980000)
 Metaspace       used 20357K, capacity 20518K, committed 20736K, reserved 1067008K
  class space    used 2403K, capacity 2465K, committed 2560K, reserved 1048576K
}
Event: 10.270 GC heap before
{Heap before GC invocations=11 (full 0):
 PSYoungGen      total 225280K, used 225280K [0x00000000d5c00000, 0x00000000e6f00000, 0x0000000100000000)
  eden space 193536K, 100% used [0x00000000d5c00000,0x00000000e1900000,0x00000000e1900000)
  from space 31744K, 100% used [0x00000000e4000000,0x00000000e5f00000,0x00000000e5f00000)
  to   space 39936K, 0% used [0x00000000e1900000,0x00000000e1900000,0x00000000e4000000)
 ParOldGen       total 87552K, used 49430K [0x0000000081400000, 0x0000000086980000, 0x00000000d5c00000)
  object space 87552K, 56% used [0x0000000081400000,0x0000000084445b18,0x0000000086980000)
 Metaspace       used 20368K, capacity 20524K, committed 20736K, reserved 1067008K
  class space    used 2404K, capacity 2466K, committed 2560K, reserved 1048576K
Event: 10.397 GC heap after
Heap after GC invocations=11 (full 0):
 PSYoungGen      total 233472K, used 39936K [0x00000000d5c00000, 0x00000000ef280000, 0x0000000100000000)
  eden space 193536K, 0% used [0x00000000d5c00000,0x00000000d5c00000,0x00000000e1900000)
  from space 39936K, 100% used [0x00000000e1900000,0x00000000e4000000,0x00000000e4000000)
  to   space 53248K, 0% used [0x00000000ebe80000,0x00000000ebe80000,0x00000000ef280000)
 ParOldGen       total 87552K, used 67607K [0x0000000081400000, 0x0000000086980000, 0x00000000d5c00000)
  object space 87552K, 77% used [0x0000000081400000,0x0000000085605c18,0x0000000086980000)
 Metaspace       used 20368K, capacity 20524K, committed 20736K, reserved 1067008K
  class space    used 2404K, capacity 2466K, committed 2560K, reserved 1048576K
}
Event: 14.021 GC heap before
{Heap before GC invocations=12 (full 0):
 PSYoungGen      total 233472K, used 233472K [0x00000000d5c00000, 0x00000000ef280000, 0x0000000100000000)
  eden space 193536K, 100% used [0x00000000d5c00000,0x00000000e1900000,0x00000000e1900000)
  from space 39936K, 100% used [0x00000000e1900000,0x00000000e4000000,0x00000000e4000000)
  to   space 53248K, 0% used [0x00000000ebe80000,0x00000000ebe80000,0x00000000ef280000)
 ParOldGen       total 87552K, used 67607K [0x0000000081400000, 0x0000000086980000, 0x00000000d5c00000)
  object space 87552K, 77% used [0x0000000081400000,0x0000000085605c18,0x0000000086980000)
 Metaspace       used 20374K, capacity 20588K, committed 20992K, reserved 1067008K
  class space    used 2404K, capacity 2466K, committed 2560K, reserved 1048576K
Event: 14.140 GC heap after
Heap after GC invocations=12 (full 0):
 PSYoungGen      total 352768K, used 53248K [0x00000000d5c00000, 0x00000000f0680000, 0x0000000100000000)
  eden space 299520K, 0% used [0x00000000d5c00000,0x00000000d5c00000,0x00000000e8080000)
  from space 53248K, 100% used [0x00000000ebe80000,0x00000000ef280000,0x00000000ef280000)
  to   space 63488K, 0% used [0x00000000e8080000,0x00000000e8080000,0x00000000ebe80000)
 ParOldGen       total 87552K, used 69727K [0x0000000081400000, 0x0000000086980000, 0x00000000d5c00000)
  object space 87552K, 79% used [0x0000000081400000,0x0000000085817c18,0x0000000086980000)
 Metaspace       used 20374K, capacity 20588K, committed 20992K, reserved 1067008K
  class space    used 2404K, capacity 2466K, committed 2560K, reserved 1048576K
}
Event: 14.140 GC heap before
{Heap before GC invocations=13 (full 1):
 PSYoungGen      total 352768K, used 53248K [0x00000000d5c00000, 0x00000000f0680000, 0x0000000100000000)
  eden space 299520K, 0% used [0x00000000d5c00000,0x00000000d5c00000,0x00000000e8080000)
  from space 53248K, 100% used [0x00000000ebe80000,0x00000000ef280000,0x00000000ef280000)
  to   space 63488K, 0% used [0x00000000e8080000,0x00000000e8080000,0x00000000ebe80000)
 ParOldGen       total 87552K, used 69727K [0x0000000081400000, 0x0000000086980000, 0x00000000d5c00000)
  object space 87552K, 79% used [0x0000000081400000,0x0000000085817c18,0x0000000086980000)
 Metaspace       used 20374K, capacity 20588K, committed 20992K, reserved 1067008K
  class space    used 2404K, capacity 2466K, committed 2560K, reserved 1048576K
Event: 14.368 GC heap after
Heap after GC invocations=13 (full 1):
 PSYoungGen      total 352768K, used 0K [0x00000000d5c00000, 0x00000000f0680000, 0x0000000100000000)
  eden space 299520K, 0% used [0x00000000d5c00000,0x00000000d5c00000,0x00000000e8080000)
  from space 53248K, 0% used [0x00000000ebe80000,0x00000000ebe80000,0x00000000ef280000)
  to   space 63488K, 0% used [0x00000000e8080000,0x00000000e8080000,0x00000000ebe80000)
 ParOldGen       total 125952K, used 64115K [0x0000000081400000, 0x0000000088f00000, 0x00000000d5c00000)
  object space 125952K, 50% used [0x0000000081400000,0x000000008529cf88,0x0000000088f00000)
 Metaspace       used 20374K, capacity 20588K, committed 20992K, reserved 1067008K
  class space    used 2404K, capacity 2466K, committed 2560K, reserved 1048576K
}
Event: 17.530 GC heap before
{Heap before GC invocations=14 (full 1):
 PSYoungGen      total 352768K, used 299520K [0x00000000d5c00000, 0x00000000f0680000, 0x0000000100000000)
  eden space 299520K, 100% used [0x00000000d5c00000,0x00000000e8080000,0x00000000e8080000)
  from space 53248K, 0% used [0x00000000ebe80000,0x00000000ebe80000,0x00000000ef280000)
  to   space 63488K, 0% used [0x00000000e8080000,0x00000000e8080000,0x00000000ebe80000)
 ParOldGen       total 125952K, used 64115K [0x0000000081400000, 0x0000000088f00000, 0x00000000d5c00000)
  object space 125952K, 50% used [0x0000000081400000,0x000000008529cf88,0x0000000088f00000)
 Metaspace       used 20374K, capacity 20588K, committed 20992K, reserved 1067008K
  class space    used 2404K, capacity 2466K, committed 2560K, reserved 1048576K
Event: 17.735 GC heap after
Heap after GC invocations=14 (full 1):
 PSYoungGen      total 363008K, used 63488K [0x00000000d5c00000, 0x00000000fa880000, 0x0000000100000000)
  eden space 299520K, 0% used [0x00000000d5c00000,0x00000000d5c00000,0x00000000e8080000)
  from space 63488K, 100% used [0x00000000e8080000,0x00000000ebe80000,0x00000000ebe80000)
  to   space 84992K, 0% used [0x00000000f5580000,0x00000000f5580000,0x00000000fa880000)
 ParOldGen       total 125952K, used 92869K [0x0000000081400000, 0x0000000088f00000, 0x00000000d5c00000)
  object space 125952K, 73% used [0x0000000081400000,0x0000000086eb1688,0x0000000088f00000)
 Metaspace       used 20374K, capacity 20588K, committed 20992K, reserved 1067008K
  class space    used 2404K, capacity 2466K, committed 2560K, reserved 1048576K
}

Deoptimization events (10 events):
Event: 3.626 Thread 0x000000001ac64000 Uncommon trap: reason=unstable_if action=reinterpret pc=0x0000000002c9d0b4 method=java.util.jar.Manifest$FastInputStream.peek()B @ 23
Event: 3.856 Thread 0x000000001b6a5800 Uncommon trap: reason=range_check action=make_not_entrant pc=0x0000000002da1794 method=java.lang.String.charAt(I)C @ 27
Event: 4.400 Thread 0x000000001b6a5800 Uncommon trap: reason=unstable_if action=reinterpret pc=0x0000000002e9ded8 method=org.apache.tools.zip.ZipEntry.getExtraFields(Z)[Lorg/apache/tools/zip/ZipExtraField; @ 4
Event: 4.436 Thread 0x000000001b6ac000 Uncommon trap: reason=unstable_if action=reinterpret pc=0x0000000002ebc540 method=sun.util.calendar.ZoneInfo.getOffsets(J[II)I @ 128
Event: 4.436 Thread 0x000000001b6ac000 Uncommon trap: reason=unstable_if action=reinterpret pc=0x0000000002ea49a4 method=sun.util.calendar.ZoneInfo.getOffsets(J[II)I @ 128
Event: 4.436 Thread 0x000000001b6ac000 Uncommon trap: reason=unstable_if action=reinterpret pc=0x0000000002eb0c5c method=sun.util.calendar.ZoneInfo.getOffsets(J[II)I @ 128
Event: 4.436 Thread 0x000000001b6ac000 Uncommon trap: reason=unstable_if action=reinterpret pc=0x0000000002e8f6d8 method=sun.util.calendar.ZoneInfo.getOffsets(J[II)I @ 128
Event: 4.436 Thread 0x000000001b6ac000 Uncommon trap: reason=unstable_if action=reinterpret pc=0x0000000002ec0bd8 method=java.util.HashMap.remove(Ljava/lang/Object;)Ljava/lang/Object; @ 14
Event: 4.436 Thread 0x000000001b6ac000 Uncommon trap: reason=unstable_if action=reinterpret pc=0x0000000002e99a90 method=java.util.ArrayList.<init>(Ljava/util/Collection;)V @ 24
Event: 19.796 Thread 0x000000001b6a5800 Uncommon trap: reason=null_check action=make_not_entrant pc=0x0000000002fe5ad4 method=org.apache.tools.ant.PropertyHelper.add(Lorg/apache/tools/ant/PropertyHelper$Delegate;)V @ 43

Internal exceptions (10 events):
Event: 2.645 Thread 0x00000000026ed800 Exception <a 'java/lang/NoSuchFieldError': method resolution failed> (0x00000000d633d578) thrown at [C:\re\workspace\8-2-build-windows-amd64-cygwin\jdk8u60\4407\hotspot\src\share\vm\prims\methodHandles.cpp, line 1146]
Event: 2.647 Thread 0x00000000026ed800 Exception <a 'java/lang/NoSuchFieldError': method resolution failed> (0x00000000d634ac38) thrown at [C:\re\workspace\8-2-build-windows-amd64-cygwin\jdk8u60\4407\hotspot\src\share\vm\prims\methodHandles.cpp, line 1146]
Event: 2.880 Thread 0x00000000026ed800 Exception <a 'java/io/FileNotFoundException'> (0x00000000d67bcf00) thrown at [C:\re\workspace\8-2-build-windows-amd64-cygwin\jdk8u60\4407\hotspot\src\share\vm\prims\jni.cpp, line 709]
Event: 3.049 Thread 0x00000000026ed800 Exception <a 'java/lang/NoClassDefFoundError': org/zeroturnaround/javarebel/ClassEventListener> (0x00000000d79929a8) thrown at [C:\re\workspace\8-2-build-windows-amd64-cygwin\jdk8u60\4407\hotspot\src\share\vm\classfile\systemDictionary.cpp, line 199]
Event: 3.222 Thread 0x000000001b47a800 Implicit null exception at 0x0000000002c0e356 to 0x0000000002c0e699
Event: 3.222 Thread 0x000000001b47a800 Implicit null exception at 0x0000000002ac4356 to 0x0000000002ac4681
Event: 3.224 Thread 0x000000001b6a8800 Implicit null exception at 0x0000000002cad58b to 0x0000000002cafded
Event: 4.400 Thread 0x000000001b6a5800 Implicit null exception at 0x0000000002e9d95a to 0x0000000002e9dec1
Event: 4.436 Thread 0x000000001b6ac000 Implicit null exception at 0x0000000002ec093e to 0x0000000002ec0bcd
Event: 19.796 Thread 0x000000001b6a5800 Implicit null exception at 0x0000000002fde49b to 0x0000000002fe5a61

Events (10 events):
Event: 14.021 Executing VM operation: ParallelGCFailedAllocation
Event: 14.368 Executing VM operation: ParallelGCFailedAllocation done
Event: 17.530 Executing VM operation: ParallelGCFailedAllocation
Event: 17.735 Executing VM operation: ParallelGCFailedAllocation done
Event: 18.010 Thread 0x000000001b6a7000 Thread added: 0x000000001b6a7000
Event: 19.796 Thread 0x000000001b6a5800 Uncommon trap: trap_request=0xfffffff4 fr.pc=0x0000000002fe5ad4
Event: 19.796 Executing VM operation: RevokeBias
Event: 19.796 Executing VM operation: RevokeBias done
Event: 19.796 Thread 0x000000001b6a5800 DEOPT PACKING pc=0x0000000002fe5ad4 sp=0x000000001d96e6b0
Event: 19.796 Thread 0x000000001b6a5800 DEOPT UNPACKING pc=0x000000000293582a sp=0x000000001d96e460 mode 2


Dynamic libraries:
0x00007ff6a55e0000 - 0x00007ff6a5617000 	C:\Program Files\Java\jdk1.8.0_60\jre\bin\java.exe
0x00007ffde6510000 - 0x00007ffde66e1000 	C:\WINDOWS\SYSTEM32\ntdll.dll
0x00007ffde5e00000 - 0x00007ffde5eab000 	C:\WINDOWS\System32\KERNEL32.DLL
0x00007ffde36f0000 - 0x00007ffde390d000 	C:\WINDOWS\System32\KERNELBASE.dll
0x00007ffde60d0000 - 0x00007ffde6172000 	C:\WINDOWS\System32\ADVAPI32.dll
0x00007ffde6220000 - 0x00007ffde62be000 	C:\WINDOWS\System32\msvcrt.dll
0x00007ffde3aa0000 - 0x00007ffde3af9000 	C:\WINDOWS\System32\sechost.dll
0x00007ffde3da0000 - 0x00007ffde3ec1000 	C:\WINDOWS\System32\RPCRT4.dll
0x00007ffde63a0000 - 0x00007ffde6505000 	C:\WINDOWS\System32\USER32.dll
0x00007ffde3240000 - 0x00007ffde325e000 	C:\WINDOWS\System32\win32u.dll
0x00007ffde3fc0000 - 0x00007ffde3ff4000 	C:\WINDOWS\System32\GDI32.dll
0x00007ffde3910000 - 0x00007ffde3a92000 	C:\WINDOWS\System32\gdi32full.dll
0x00007ffddb770000 - 0x00007ffddb9e9000 	C:\WINDOWS\WinSxS\amd64_microsoft.windows.common-controls_6595b64144ccf1df_6.0.14393.447_none_42191651c6827bb3\COMCTL32.dll
0x00007ffde5b30000 - 0x00007ffde5df8000 	C:\WINDOWS\System32\combase.dll
0x00007ffde3140000 - 0x00007ffde3235000 	C:\WINDOWS\System32\ucrtbase.dll
0x00007ffde3260000 - 0x00007ffde32ca000 	C:\WINDOWS\System32\bcryptPrimitives.dll
0x00007ffde3ed0000 - 0x00007ffde3efe000 	C:\WINDOWS\System32\IMM32.DLL
0x0000000073c70000 - 0x0000000073d42000 	C:\Program Files\Java\jdk1.8.0_60\jre\bin\msvcr100.dll
0x00000000733e0000 - 0x0000000073c69000 	C:\Program Files\Java\jdk1.8.0_60\jre\bin\server\jvm.dll
0x00007ffde62c0000 - 0x00007ffde62c8000 	C:\WINDOWS\System32\PSAPI.DLL
0x00007ffde06b0000 - 0x00007ffde06d3000 	C:\WINDOWS\SYSTEM32\WINMM.dll
0x00007ffdc29a0000 - 0x00007ffdc29a9000 	C:\WINDOWS\SYSTEM32\WSOCK32.dll
0x00007ffdda650000 - 0x00007ffdda65a000 	C:\WINDOWS\SYSTEM32\VERSION.dll
0x00007ffde6330000 - 0x00007ffde639a000 	C:\WINDOWS\System32\WS2_32.dll
0x00000000025f0000 - 0x000000000261b000 	C:\WINDOWS\SYSTEM32\WINMMBASE.dll
0x00007ffde3380000 - 0x00007ffde33c2000 	C:\WINDOWS\System32\cfgmgr32.dll
0x0000000073de0000 - 0x0000000073def000 	C:\Program Files\Java\jdk1.8.0_60\jre\bin\verify.dll
0x00000000733b0000 - 0x00000000733d9000 	C:\Program Files\Java\jdk1.8.0_60\jre\bin\java.dll
0x0000000073390000 - 0x00000000733a6000 	C:\Program Files\Java\jdk1.8.0_60\jre\bin\zip.dll
0x00007ffde44a0000 - 0x00007ffde59a9000 	C:\WINDOWS\System32\SHELL32.dll
0x00007ffde2a60000 - 0x00007ffde313a000 	C:\WINDOWS\System32\windows.storage.dll
0x00007ffde2970000 - 0x00007ffde29bc000 	C:\WINDOWS\System32\powrprof.dll
0x00007ffde3c00000 - 0x00007ffde3c52000 	C:\WINDOWS\System32\shlwapi.dll
0x00007ffde29d0000 - 0x00007ffde29df000 	C:\WINDOWS\System32\kernel.appcore.dll
0x00007ffde3640000 - 0x00007ffde36e9000 	C:\WINDOWS\System32\shcore.dll
0x00007ffde29e0000 - 0x00007ffde29f4000 	C:\WINDOWS\System32\profapi.dll
0x0000000073340000 - 0x000000007334d000 	C:\Program Files\Java\jdk1.8.0_60\jre\bin\management.dll
0x00007ffde2440000 - 0x00007ffde2457000 	C:\WINDOWS\SYSTEM32\CRYPTSP.dll
0x00007ffde1eb0000 - 0x00007ffde1ee3000 	C:\WINDOWS\system32\rsaenh.dll
0x00007ffde28b0000 - 0x00007ffde28db000 	C:\WINDOWS\SYSTEM32\bcrypt.dll
0x00007ffde2120000 - 0x00007ffde213f000 	C:\WINDOWS\SYSTEM32\USERENV.dll
0x00007ffde2460000 - 0x00007ffde246b000 	C:\WINDOWS\SYSTEM32\CRYPTBASE.dll
0x0000000073370000 - 0x000000007338a000 	C:\Program Files\Java\jdk1.8.0_60\jre\bin\net.dll
0x00007ffde22a0000 - 0x00007ffde22fc000 	C:\WINDOWS\system32\mswsock.dll
0x00007ffde2030000 - 0x00007ffde2068000 	C:\WINDOWS\SYSTEM32\IPHLPAPI.DLL
0x00007ffde5b20000 - 0x00007ffde5b28000 	C:\WINDOWS\System32\NSI.dll
0x00007ffddccb0000 - 0x00007ffddccc6000 	C:\WINDOWS\SYSTEM32\dhcpcsvc6.DLL
0x00007ffddcd60000 - 0x00007ffddcd7a000 	C:\WINDOWS\SYSTEM32\dhcpcsvc.DLL
0x0000000073350000 - 0x0000000073361000 	C:\Program Files\Java\jdk1.8.0_60\jre\bin\nio.dll
0x00007ffde2080000 - 0x00007ffde2120000 	C:\WINDOWS\SYSTEM32\DNSAPI.dll
0x00007ffdd36c0000 - 0x00007ffdd36ca000 	C:\Windows\System32\rasadhlp.dll
0x00007ffddb450000 - 0x00007ffddb4ba000 	C:\WINDOWS\System32\fwpuclnt.dll
0x00000000731a0000 - 0x0000000073338000 	C:\Program Files\Java\jdk1.8.0_60\jre\bin\awt.dll
0x00007ffde3f00000 - 0x00007ffde3fbf000 	C:\WINDOWS\System32\OLEAUT32.dll
0x00007ffde33d0000 - 0x00007ffde346c000 	C:\WINDOWS\System32\msvcp_win.dll
0x00007ffde0d70000 - 0x00007ffde0dea000 	C:\WINDOWS\SYSTEM32\apphelp.dll

VM Arguments:
jvm_args: -Djava.awt.headless=true 
java_command: E:\WorkspaceForPlugins\defects_predictor\target\surefire\surefirebooter6673575952619426554.jar E:\WorkspaceForPlugins\defects_predictor\target\surefire\surefire3643277108321842756tmp E:\WorkspaceForPlugins\defects_predictor\target\surefire\surefire_08060033276692894171tmp
java_class_path (initial): E:\WorkspaceForPlugins\defects_predictor\target\surefire\surefirebooter6673575952619426554.jar
Launcher Type: SUN_STANDARD

Environment Variables:
JAVA_HOME=C:\Program Files (x86)\Java\jdk1.7.0_71
CLASSPATH=.;C:\Program Files (x86)\Java\jre1.8.0_51\lib\ext\QTJava.zip
PATH=C:/Java/jre/bin/server;C:/Java/jre/bin;C:/Java/jre/lib/amd64;C:\Perl64\site\bin;C:\Perl64\bin;C:\ProgramData\Oracle\Java\javapath;C:\Program Files (x86)\Intel\iCLS Client\;C:\Program Files\Intel\iCLS Client\;C:\WINDOWS\system32;C:\WINDOWS;C:\WINDOWS\System32\Wbem;C:\WINDOWS\System32\WindowsPowerShell\v1.0\;C:\Program Files\Intel\Intel(R) Management Engine Components\DAL;C:\Program Files (x86)\Intel\Intel(R) Management Engine Components\DAL;C:\Program Files\Intel\Intel(R) Management Engine Components\IPT;C:\Program Files (x86)\Intel\Intel(R) Management Engine Components\IPT;C:\Program Files\Intel\WiFi\bin\;C:\Program Files\Common Files\Intel\WirelessCommon\;C:\Program Files (x86)\MiKTeX 2.9\miktex\bin\;C:\Program Files\MiKTeX 2.9\miktex\bin\x64\;C:\WINDOWS\system32;C:\WINDOWS;C:\WINDOWS\System32\Wbem;C:\WINDOWS\System32\WindowsPowerShell\v1.0\;C:\Program Files (x86)\Skype\Phone\;C:\Program Files (x86)\QuickTime\QTSystem\;C:\Program Files (x86)\Java\jdk1.7.0_71\bin;C:\Users\Athar\apache-maven-3.3\apache-maven-3.3.9-bin\apache-maven-3.3.9\bin;C:\Program Files\Git\cmd;C:\Program Files (x86)\scala\bin;C:\Program Files (x86)\Java\jdk1.7.0_71\bin;C:\SourceMeter-8.1.0-x64-windows\Java;C:\Users\Athar\AppData\Local\Microsoft\WindowsApps;C:\Users\Athar\apache-maven-3.3\apache-maven-3.3.9-bin\apache-maven-3.3.9\bin;C:\Program Files (x86)\Java\jdk1.7.0_71\bin;E:\Eclipse for maven\eclipse-JEE-kepler\eclipse;
USERNAME=Athar
OS=Windows_NT
PROCESSOR_IDENTIFIER=Intel64 Family 6 Model 61 Stepping 4, GenuineIntel



---------------  S Y S T E M  ---------------

OS: Windows 10.0 , 64 bit Build 14393 (10.0.14393.0)

CPU:total 4 (2 cores per cpu, 2 threads per core) family 6 model 61 stepping 4, cmov, cx8, fxsr, mmx, sse, sse2, sse3, ssse3, sse4.1, sse4.2, popcnt, avx, avx2, aes, clmul, erms, 3dnowpref, lzcnt, ht, tsc, tscinvbit, bmi1, bmi2, adx

Memory: 4k page, physical 8301904k(613588k free), swap 10251600k(5988k free)

vm_info: Java HotSpot(TM) 64-Bit Server VM (25.60-b23) for windows-amd64 JRE (1.8.0_60-b27), built on Aug  4 2015 11:06:27 by "java_re" with MS VC++ 10.0 (VS2010)

time: Mon Feb 27 07:50:50 2017
elapsed time: 20 seconds (0d 0h 0m 20s)

